24
 energy: -4.198374910339 gnorm: 0.227882209856 xtb: 6.4.0 (d4b70c2)
C        -0.37501793078280    1.64720631944869    0.79487361696088
C         0.03031721338845    2.81093430866966    0.15704376299413
C         1.00811385061755    2.77181329259988   -0.82624368074725
C         0.20694180936898    0.42934916331787    0.43109716913915
C         1.20477867250000    0.36107833640000   -0.56088623010000
C         1.59881779311262    1.55413535598635   -1.17801889972152
O        -0.50698405910005    4.02301780667781    0.47102617785173
H        -0.95030140804950    4.37873546932281   -0.31652915076270
H         2.37072373795897    1.58187285954512   -1.93648019075476
H        -0.12064934235402   -0.47796632978407    0.93739455414968
H        -1.13504455675908    1.66321408978542    1.56946735398846
H         1.31639397636571    3.69070226729081   -1.31768607614051
C         1.76693781090000   -1.00734158430000   -0.89647263510000
C         0.88611368860000   -2.01942717790000   -1.65564529290000
H         2.12129426150000   -1.46589347050000    0.03714050690000
H         2.66457368570000   -0.82853140130000   -1.50587978960000
C        -0.25507066839690   -2.49934081062408   -0.73138986996588
O        -0.85878937920802   -3.55625293555004   -0.82470881375795
O        -0.54571697108092   -1.55823700768495    0.20759504537234
H         0.15268656922513   -0.86309485518544    0.10417197866957
N         0.24106167948034   -1.49156713134165   -2.90174778898299
H         1.46421695155770   -2.91223073159061   -1.92065314680380
H        -0.75138898942574   -1.75285050784769   -2.87972267313931
H         0.23279047303833   -0.47007054788766   -2.85689931659057
24
 energy: -4.238223444603 gnorm: 0.141157441974 xtb: 6.4.0 (d4b70c2)
C        -0.37397103252638    1.66770160412599    0.80101449573133
C         0.02042497091282    2.81600747277912    0.15488328426447
C         1.01160288612553    2.76594268484931   -0.83940107508256
C         0.21993013314615    0.41922110522696    0.43909556666765
C         1.23955922687991    0.37744934519957   -0.57359192833751
C         1.60566154519898    1.55015627152286   -1.19150523185428
O        -0.53257319810471    4.04034688590420    0.47383605867732
H        -0.95697065870221    4.41950673083527   -0.32581683480207
H         2.37454578356242    1.57161978110400   -1.94464950099241
H        -0.05619561145714   -0.45149564368392    1.05481349006578
H        -1.13292880804185    1.69025424059128    1.56762081818788
H         1.31658448693868    3.68028682516426   -1.32447058170764
C         1.79544678662498   -0.99518236172461   -0.91460504013179
C         0.86987557553641   -2.01285592176543   -1.63943651811753
H         2.14490592453807   -1.45571889535435    0.01914156336942
H         2.68585068478298   -0.83499715918233   -1.52686189235535
C        -0.27486365744922   -2.53408255363682   -0.74634692837192
O        -0.84488282770720   -3.59349693851568   -0.89661721698044
O        -0.65822625061561   -1.62459351098660    0.18571600784928
H         0.10844321515051   -0.87415324920765    0.16717569265048
N         0.24858632046565   -1.48391516600695   -2.88267823306789
H         1.45555626974122   -2.90139753045108   -1.92161596529783
H        -0.73312245551732   -1.75747512681377   -2.89052086644770
H         0.23355955867407   -0.46987411242540   -2.84433255295798
24
 energy: -4.262039087397 gnorm: 0.089379113277 xtb: 6.4.0 (d4b70c2)
C        -0.39636841743325    1.65051455576800    0.78470769047786
C        -0.00114967860399    2.79571461194361    0.15094364405122
C         1.01018674633803    2.74440402177953   -0.85173427461967
C         0.21740528659723    0.35641438522692    0.41216486535167
C         1.28518439108328    0.38137984756493   -0.60041434681359
C         1.61295422387199    1.53643584727088   -1.21244061131140
O        -0.57490676195107    4.03286471786627    0.48547150955545
H        -0.94948281238784    4.46181297684898   -0.33053400506218
H         2.38737810848615    1.55618921104973   -1.95212968579218
H         0.00531316346100   -0.49825612197486    1.13770063575657
H        -1.14154838156881    1.68564377666979    1.55497206845112
H         1.31502493306227    3.66173192291279   -1.31681750953670
C         1.83930072560519   -0.98352056225260   -0.94433449811441
C         0.85075732478526   -1.99338346338093   -1.61808847192958
H         2.17709289177780   -1.44582601049394   -0.00834961795391
H         2.72267437736706   -0.84825801656597   -1.55906885272252
C        -0.29414169026262   -2.49823166027313   -0.73289839924698
O        -0.83238834424991   -3.56364000097062   -0.91869009005634
O        -0.74408970402895   -1.60240189426143    0.18488690238649
H         0.06118065713323   -0.83383919122513    0.24237670907410
N         0.25992393632241   -1.47013956405994   -2.85826065867988
H         1.42780579308388   -2.89119753566387   -1.91118203733000
H        -0.70869145188758   -1.76153333574801   -2.90497496400435
H         0.23738355155602   -0.46362374048275   -2.83245939097210
24
 energy: -4.273276358502 gnorm: 0.075712235402 xtb: 6.4.0 (d4b70c2)
C        -0.40787587089403    1.64541546082289    0.76957880752892
C        -0.01478110909971    2.79072538902095    0.13900846181805
C         1.00469002756505    2.73919481652340   -0.86316691113754
C         0.22223312614971    0.33219877530328    0.39671681582915
C         1.31401465982881    0.38213347188950   -0.61257675515194
C         1.62391959643553    1.53837659758832   -1.22537451520931
O        -0.60298079577505    4.02721712369137    0.47978033788501
H        -0.93434012041999    4.48800137584387   -0.33898793702577
H         2.40158338413110    1.55568777153270   -1.96413443520354
H         0.05979753932449   -0.52803635394771    1.19443233673720
H        -1.15117823305401    1.68830745243905    1.54072588841544
H         1.30835650069037    3.66130447951387   -1.31821177713299
C         1.86105883828534   -0.98026593565449   -0.95524555031766
C         0.83564301456072   -1.97627657977592   -1.60109555477550
H         2.20953582935634   -1.44132654314440   -0.02451368473366
H         2.73816722205028   -0.86154123849085   -1.58798493501543
C        -0.32115596506807   -2.47720004062076   -0.72822270031872
O        -0.83027891317279   -3.55431790465260   -0.95580606344882
O        -0.78818785204638   -1.62355567804025    0.21704283799320
H         0.01476438882641   -0.86665467417930    0.32674701822112
N         0.27537699565607   -1.44413709307933   -2.84232391835511
H         1.40110787896896   -2.87923349797933   -1.90155749058453
H        -0.68249906207890   -1.76857617248508   -2.93892480921231
H         0.22982778793653   -0.43818622457095   -2.80505885584657
24
 energy: -4.283551700428 gnorm: 0.061150743378 xtb: 6.4.0 (d4b70c2)
C        -0.42702780967117    1.63420550413464    0.73953154444751
C        -0.02877309068678    2.78354698739075    0.12114486487013
C         0.99307793196019    2.72957482583460   -0.87955183582409
C         0.22422273815600    0.30753888674498    0.36926353061631
C         1.33931320785994    0.37455033502970   -0.62479818147113
C         1.63309963739670    1.53790054256538   -1.24385433299452
O        -0.63205917391915    4.01246067174107    0.47182789563632
H        -0.89902482058058    4.51876071138547   -0.34077155216876
H         2.41213325735155    1.54842836510104   -1.98636056911939
H         0.10135473184477   -0.56371638274950    1.23024741052493
H        -1.16464450230309    1.68797142070189    1.51722086656028
H         1.29986732577742    3.65896194077265   -1.32088184282344
C         1.88325912287311   -0.98042647556079   -0.96336932432020
C         0.82616223815023   -1.95043117791046   -1.58574743450731
H         2.25551751644101   -1.43961710459947   -0.04326290093746
H         2.74957179680989   -0.87467934741590   -1.62394824328679
C        -0.34259696863022   -2.43567738779764   -0.72194448434047
O        -0.82024742077381   -3.51886931015207   -1.02283846094252
O        -0.83023723593372   -1.64519013303621    0.27062131610359
H        -0.02950953307793   -0.91201120143211    0.50178875595226
N         0.29307808810053   -1.40804171813367   -2.82449935337501
H         1.36930056914026   -2.86432913200567   -1.89040596298929
H        -0.64251069480355   -1.78990192883009   -2.98281828078699
H         0.20347195667518   -0.40175411423038   -2.76574681386530
24
 energy: -4.287092310559 gnorm: 0.057369045714 xtb: 6.4.0 (d4b70c2)
C        -0.42037063258200    1.62095145990442    0.74001532686909
C        -0.03935650018521    2.77175192176611    0.10765437029507
C         0.98113708372073    2.71907715655271   -0.88376141948285
C         0.23563193048083    0.30542809321538    0.37938954309384
C         1.33086698838176    0.36039950916778   -0.61759909733912
C         1.63418214420786    1.53137114629021   -1.23407808030932
O        -0.65044631483638    3.99099987975017    0.45172554294893
H        -0.88701658639829    4.50812673511177   -0.35770111011731
H         2.40821862041264    1.53870991660563   -1.98399171800480
H         0.16944035006778   -0.55745144997696    1.30189757340446
H        -1.17001348104926    1.67337830666897    1.50748046690621
H         1.28303729507179    3.64822092010407   -1.33211591490397
C         1.87940976511484   -0.98853926705418   -0.95926984673230
C         0.82692946626984   -1.94149644969214   -1.59166688094212
H         2.26830694602263   -1.44949311001935   -0.04612664861262
H         2.73873928835040   -0.87543885498648   -1.63034430287547
C        -0.35691289770356   -2.40192818044035   -0.73127400019277
O        -0.83628893978375   -3.47575204732119   -1.04560695214064
O        -0.82762468351320   -1.62762653765886    0.27975913677915
H        -0.04011924103481   -0.91018643180439    0.53174284300972
N         0.30683628318434   -1.38823295091578   -2.83302283828689
H         1.35405371456356   -2.86647121705853   -1.88494713123113
H        -0.61409916545332   -1.79372095062618   -3.01655004587773
H         0.19225743484757   -0.38282282003461   -2.75076220529879
24
 energy: -4.290932729741 gnorm: 0.031953229368 xtb: 6.4.0 (d4b70c2)
C        -0.42024019683993    1.60219810719476    0.74009717275499
C        -0.04961216614871    2.75511160010320    0.09821064328218
C         0.96855852878668    2.70284143673496   -0.88594447860575
C         0.24487376135829    0.30254203972472    0.39944083839898
C         1.32088448118360    0.34315442651815   -0.60233389047639
C         1.63099232218576    1.51756049425505   -1.22064008472166
O        -0.66840157489969    3.96459440214376    0.43249652369308
H        -0.85602303525937    4.50083321540911   -0.37995285910381
H         2.39681838934144    1.52097715980569   -1.97989054972364
H         0.19378982094621   -0.55089204596816    1.33629706833455
H        -1.18207049886670    1.65386381395243    1.49612558901507
H         1.26454326697762    3.62927332425203   -1.34582380099190
C         1.88063766308843   -0.99581541170652   -0.95644588798306
C         0.83486830052147   -1.93101210588201   -1.60126007446465
H         2.29114899276451   -1.46195552854432   -0.05412452296802
H         2.72822715446925   -0.86774298163865   -1.64049237954620
C        -0.35647905452896   -2.36355494045463   -0.73834293052327
O        -0.85382750588530   -3.41835083749928   -1.06932763798686
O        -0.81163075087022   -1.59731448967368    0.28390004594185
H        -0.02781690910715   -0.89406223055234    0.58089518196617
N         0.31343439261560   -1.36899825576850   -2.83957039268413
H         1.34360119296303   -2.86800726672289   -1.88509906637477
H        -0.58861102844171   -1.79812439147886   -3.03501882684864
H         0.16913332180263   -0.36786475665583   -2.73234906942547
24
 energy: -4.293407193070 gnorm: 0.026316380137 xtb: 6.4.0 (d4b70c2)
C        -0.41747038313668    1.58122866978540    0.74360240196569
C        -0.06376140707276    2.73380221047466    0.08870745893683
C         0.95433258095396    2.68187367669574   -0.89005530248191
C         0.26542053645615    0.30352994170743    0.43183571950229
C         1.31659013664820    0.32519224517238   -0.58321390355125
C         1.62826480457266    1.49828559889486   -1.20458541355990
O        -0.69842456635501    3.93037933585800    0.40703938258225
H        -0.81862375899194    4.48786791499737   -0.40500233865773
H         2.38166184737151    1.49784375411538   -1.97467429004507
H         0.23066023857782   -0.53329773477129    1.38581025011375
H        -1.19482248422412    1.62916530107623    1.48426444697593
H         1.23855980898100    3.60263559994595   -1.36880669660942
C         1.88513197399684   -1.00174610553807   -0.95595982925080
C         0.84128847338459   -1.91651817105968   -1.61099345859370
H         2.31394831480122   -1.47688073422766   -0.06661121584891
H         2.71907281872834   -0.85769324929613   -1.65206895883105
C        -0.35861066083103   -2.31720850873660   -0.74529065407880
O        -0.88994847232735   -3.34542812395257   -1.10776205697282
O        -0.79655653801300   -1.55960583516582    0.29079759450253
H        -0.01197909907866   -0.87595064986315    0.65528920954275
N         0.32736089108171   -1.34417976876026   -2.84934374366713
H         1.33096462649452   -2.86606638872232   -1.88553608507427
H        -0.54784266409595   -1.81346400939124   -3.07813642414771
H         0.13158185023476   -0.35451019169038   -2.70845948179295
24
 energy: -4.294629326582 gnorm: 0.024234617167 xtb: 6.4.0 (d4b70c2)
C        -0.41312047476299    1.56592901975581    0.75160948350445
C        -0.07626298860060    2.71723105357778    0.08514511500472
C         0.94610323447071    2.66926815066898   -0.89033395183542
C         0.29160361632163    0.30614254220170    0.46423099091295
C         1.32243389530862    0.31659059349126   -0.56866442298189
C         1.62897984325832    1.48737304885342   -1.19195221835311
O        -0.72922980398351    3.90443957198923    0.38638759236349
H        -0.80462794283877    4.46838164801024   -0.42302648642512
H         2.37417056803808    1.48835494553156   -1.96801600783808
H         0.26806159168374   -0.51671525246167    1.41629304256236
H        -1.20479559497688    1.60582951328570    1.47792688424554
H         1.21674965283248    3.58508260394527   -1.38571292767860
C         1.89002418927185   -1.00535401817009   -0.95842382174737
C         0.84062204797696   -1.90998732560629   -1.61628887128179
H         2.32275341165942   -1.48953248722272   -0.07644034461597
H         2.71748132621597   -0.85375731687766   -1.65825529574319
C        -0.36843733890979   -2.28503775204336   -0.74977084198602
O        -0.93495651072294   -3.29013523160165   -1.12539276095456
O        -0.77955728134618   -1.52821974356020    0.29753325246456
H         0.00303930264018   -0.85872920449840    0.68521094428723
N         0.33736709241111   -1.33387389912501   -2.85814276384729
H         1.31797285712766   -2.86817136876210   -1.88367095001929
H        -0.52051122053259   -1.80904121791717   -3.10237956128406
H         0.12093539561431   -0.35681309591641   -2.70701946779494
24
 energy: -4.295997147782 gnorm: 0.029905308168 xtb: 6.4.0 (d4b70c2)
C        -0.41073466477979    1.54625160066691    0.75971782718702
C        -0.09659614627513    2.69466236380482    0.07951846115637
C         0.93618956643460    2.65447222461891   -0.89125519703469
C         0.33854288046107    0.30829046165619    0.51202553824594
C         1.34300158862579    0.30866715155154   -0.55152029193249
C         1.63130939068919    1.47634149200336   -1.18207266828829
O        -0.78104881889300    3.86843027405040    0.35641635680951
H        -0.77665597852497    4.45183290702586   -0.44833030094089
H         2.36642414331827    1.48118688166091   -1.96604132766796
H         0.33529964291963   -0.49707851847200    1.46653252079664
H        -1.21888165233273    1.57376821095178    1.46874722262500
H         1.18658036156555    3.56447265367525   -1.40678062916387
C         1.90029279428721   -1.00906116797444   -0.96169812090415
C         0.83496716548244   -1.89749581341875   -1.61844379564361
H         2.33121750697391   -1.50788892644797   -0.08840930910876
H         2.72172630922634   -0.85441181890088   -1.66521069850681
C        -0.38909062818172   -2.23923764725736   -0.75727922168560
O        -1.00614892359277   -3.20869771460609   -1.16106639744216
O        -0.76236341913262   -1.49283012385153    0.31571567427251
H         0.01921098699526   -0.84380714128373    0.74320032666568
N         0.35988681361899   -1.31271054889647   -2.86731249936073
H         1.29780169915782   -2.86461812690322   -1.87979496334671
H        -0.46554520157838   -1.83763573831230   -3.17322838983723
H         0.07141345169182   -0.35364815779300   -2.68258350593615
24
 energy: -4.297166095253 gnorm: 0.021991710794 xtb: 6.4.0 (d4b70c2)
C        -0.41077368105943    1.53406279657396    0.76485148887898
C        -0.11226481399796    2.67805245786703    0.07577259777268
C         0.93249196128757    2.64700846269132   -0.89156737343676
C         0.38993530999512    0.31261247815616    0.55773755841834
C         1.37263948762755    0.30784254838243   -0.54029378287115
C         1.63384940590661    1.47233434094088   -1.18306524795410
O        -0.82508680185415    3.84230677879820    0.32861502511287
H        -0.78281045311178    4.42446575938511   -0.45401558847749
H         2.36350159132315    1.48414412500647   -1.97146706775907
H         0.38751429002133   -0.48310259087981    1.49061153764883
H        -1.23128956425565    1.54757740868640    1.45989888524488
H         1.16590689175359    3.55269085948279   -1.42010032513575
C         1.90992326097537   -1.01307834201246   -0.96537304063300
C         0.82518786696846   -1.89205608314748   -1.61655827188407
H         2.32776906908974   -1.52637329366217   -0.09547602580492
H         2.73257639364530   -0.86382083144631   -1.66647361653395
C        -0.40933025656422   -2.20880432906576   -0.76305208639327
O        -1.07398093146469   -3.14326037306831   -1.18378770899501
O        -0.74866709721391   -1.46894346287685    0.33068115039149
H         0.03475758242168   -0.83532657161658    0.77588394576726
N         0.37282201587188   -1.30587972184579   -2.87045893833401
H         1.27803438329656   -2.86417929635023   -1.87517916886700
H        -0.43051851595203   -1.82298219661867   -3.19676824525573
H         0.06461147344669   -0.36603614583212   -2.68956908994148
24
 energy: -4.297578203913 gnorm: 0.033150687945 xtb: 6.4.0 (d4b70c2)
C        -0.42166578996307    1.52261974303799    0.76080101410524
C        -0.12676548209229    2.66608922842191    0.07297163740767
C         0.93017435598488    2.64610002054906   -0.88471544094459
C         0.41787327161464    0.31349812507876    0.58203182010259
C         1.38854357363045    0.31018726247705   -0.53527866638866
C         1.63154951874264    1.47488456792160   -1.18638159918419
O        -0.85461398958332    3.82341515245462    0.31552213967014
H        -0.74469577000502    4.43983810880872   -0.46546135666491
H         2.36085833071681    1.49253121756279   -1.97627080518425
H         0.41354018114374   -0.48457030613461    1.49333782143025
H        -1.24463988177827    1.52578738890602    1.45154530382841
H         1.15682437690484    3.55201689425996   -1.41368884384489
C         1.91183553734975   -1.01451360271928   -0.96558218843806
C         0.82039099745823   -1.88813437506109   -1.61570619511918
H         2.32110303710345   -1.53678224364341   -0.09631210259807
H         2.73815650173185   -0.87059564792303   -1.66472247093521
C        -0.41257537390768   -2.19588688291034   -0.76456181392265
O        -1.09417777031110   -3.11092896332088   -1.18251538550289
O        -0.73659603835566   -1.45940844472572    0.33626506750107
H         0.04376852588979   -0.82990755075348    0.77754394240660
N         0.37501395442250   -1.30145554011626   -2.86839589479739
H         1.27043169249488   -2.86004765997657   -1.87515673793488
H        -0.40912425702826   -1.83346902075976   -3.21316984400868
H         0.03158936599301   -0.37201269388585   -2.68125279002494
24
 energy: -4.297946271517 gnorm: 0.033797513121 xtb: 6.4.0 (d4b70c2)
C        -0.42131580454455    1.52140604269714    0.75800019492679
C        -0.12441765855850    2.66382812991670    0.06790761522534
C         0.93088473646611    2.64597092663603   -0.88719176549755
C         0.43132474216224    0.31578496120658    0.59189461647374
C         1.39578952006321    0.31225178085812   -0.53261789747434
C         1.62828024060293    1.47554151069273   -1.19648287625394
O        -0.84906149434099    3.82102973353613    0.30645685369252
H        -0.75620693006117    4.43411756625206   -0.44996417164001
H         2.35706853790077    1.49183736254646   -1.98945292445616
H         0.41629117543219   -0.49426289353257    1.48691728138251
H        -1.24115144031739    1.52276908939653    1.45077766839806
H         1.15845965063247    3.55285657517259   -1.41355998231422
C         1.90938885477064   -1.01725379740588   -0.95537866150022
C         0.82039060727988   -1.88273969271064   -1.61327707676365
H         2.31043442390466   -1.54350532052003   -0.08344472436933
H         2.74286727915530   -0.88079648807732   -1.65082553901107
C        -0.41239184150734   -2.18852057764862   -0.76835250026827
O        -1.09691812251423   -3.09387285033927   -1.18227468645241
O        -0.73482604415823   -1.45554505250351    0.33322127974441
H         0.04756767451186   -0.82537229901334    0.76596819095584
N         0.38075572075994   -1.29100637523536   -2.86464222322501
H         1.26944592850895   -2.85449980342082   -1.87356342008045
H        -0.39034029508827   -1.85641842862128   -3.23826126820802
H        -0.00552059290369   -0.36434532233424   -2.66100737232601
24
 energy: -4.298728175643 gnorm: 0.015134398594 xtb: 6.4.0 (d4b70c2)
C        -0.42002356501582    1.51730200488045    0.75460820724118
C        -0.12645331080547    2.66036363406937    0.05978845798569
C         0.92267475047352    2.64185622511066   -0.89500235537819
C         0.43271674928519    0.31330620565456    0.59092341682736
C         1.39500346025589    0.30940085823497   -0.53114305691877
C         1.62300128648914    1.47219222042597   -1.20418909790061
O        -0.84914030013838    3.81626807200329    0.29996849733979
H        -0.75432072238066    4.43957062948013   -0.44847729463890
H         2.34812952582660    1.48421474532316   -2.00218653986343
H         0.42067162930048   -0.50976622597982    1.49995829505699
H        -1.23661274754926    1.52078673421393    1.45129101779010
H         1.15022227893708    3.55110014846971   -1.42017903016431
C         1.91008105542204   -1.02051817049473   -0.94665753513634
C         0.82395084486723   -1.87694173690448   -1.61229124404945
H         2.31419550990027   -1.54537557832234   -0.07440667878324
H         2.74488817887330   -0.88596045351755   -1.64381765707316
C        -0.41182940129263   -2.18113481158894   -0.77244276818637
O        -1.09567524506487   -3.08434197722192   -1.20154359073532
O        -0.73967522594660   -1.46119368040408    0.33602876259931
H         0.04766542513914   -0.82994437589771    0.78113065333760
N         0.37931765479468   -1.28245473193161   -2.85956890317384
H         1.26632035039834   -2.85356142326194   -1.87243472089714
H        -0.39298494108914   -1.82910284370308   -3.21859327334689
H         0.01467562747672   -0.35681069108980   -2.66991695097354
24
 energy: -4.299278460857 gnorm: 0.015793617768 xtb: 6.4.0 (d4b70c2)
C        -0.41771362461932    1.50513338194875    0.75477954942749
C        -0.13601232589313    2.64718603478719    0.05079068009112
C         0.91249706991184    2.63331173337679   -0.90177367974296
C         0.45760149105818    0.31546443333227    0.61390926479799
C         1.40395055701415    0.30727985540283   -0.52181266676343
C         1.61863141530337    1.46532664243477   -1.20835033482174
O        -0.87169519201598    3.79595830245715    0.28089417958497
H        -0.73888678406796    4.44027812610672   -0.45378214058359
H         2.33389881677659    1.47440759440498   -2.01528165144557
H         0.44014493445452   -0.52220361139955    1.51383179069644
H        -1.23595179445680    1.50359098922981    1.45043552798775
H         1.13166929337358    3.54223712123271   -1.43355968099389
C         1.91368354868357   -1.02435138621713   -0.93765154852232
C         0.82437680674727   -1.86733341925318   -1.61150041575180
H         2.31315239474022   -1.55380384192310   -0.06590669405556
H         2.75124225772212   -0.89298482671186   -1.63214464895259
C        -0.41725580245553   -2.15932830103573   -0.77617055898581
O        -1.12623348242411   -3.04248644725137   -1.22253057472365
O        -0.72778092568193   -1.45275891134453    0.34696669414892
H         0.06174699769048   -0.82533445970488    0.79491211874061
N         0.38593085887375   -1.26461343464530   -2.85732473442497
H         1.25725177008460   -2.84906984641642   -1.87141893021919
H        -0.37223763796011   -1.81727183019181   -3.23191998446484
H         0.00478822529739   -0.34937912107088   -2.66454495006487
24
 energy: -4.299999051179 gnorm: 0.021140813508 xtb: 6.4.0 (d4b70c2)
C        -0.41067942967458    1.48922478026206    0.75286672175376
C        -0.14572427163884    2.62917497889071    0.03681197406207
C         0.89967592451932    2.62201856480745   -0.91432805375457
C         0.49135837461773    0.32283945711508    0.64068992899831
C         1.41534985525221    0.30944067492338   -0.51042748530445
C         1.61313566256483    1.45595577291597   -1.21761266909622
O        -0.89960271113399    3.76741341423550    0.25464165191186
H        -0.72290878670325    4.44380902912020   -0.44902018590665
H         2.31084039420828    1.45587093530360   -2.03895023904041
H         0.45027084226672   -0.55715444457809    1.51535250176626
H        -1.22678597924146    1.48103438766532    1.45202350229565
H         1.10979251499941    3.53093923772582   -1.45134682616566
C         1.91551746481553   -1.02853134075452   -0.92144858804305
C         0.82356671360729   -1.85361133903439   -1.60840495697540
H         2.30204305149245   -1.56153226943792   -0.04614420885229
H         2.76260500844540   -0.90702218072820   -1.60574103738782
C        -0.42108004542633   -2.13372957442824   -0.77541089062478
O        -1.15319711587703   -2.98996896553150   -1.23366859402221
O        -0.71419085298698   -1.44631032358449    0.35965878128864
H         0.08098272729407   -0.81833130239160    0.78748674055683
N         0.39286736514778   -1.23583631078569   -2.85113583988111
H         1.24573488204638   -2.83930828941196   -1.87077293243098
H        -0.34678610817913   -1.79191616360151   -3.24718190996680
H        -0.00598661225900   -0.33521395114877   -2.65709077422250
24
 energy: -4.300440272703 gnorm: 0.018658330562 xtb: 6.4.0 (d4b70c2)
C        -0.39793017618809    1.47609197699826    0.75748652678856
C        -0.15405490064529    2.61209304297940    0.02606851551815
C         0.89022878850427    2.60899255221787   -0.92701278524239
C         0.52945917613715    0.32970528573724    0.67379826962074
C         1.43133938184953    0.30848152926530   -0.49498796750339
C         1.61414720527020    1.44549094840676   -1.21900029850447
O        -0.93287139275376    3.73870808417872    0.22568189705966
H        -0.72267403165009    4.42764728764864   -0.45142855748581
H         2.29411207274856    1.43704509024029   -2.05469432316736
H         0.47053771717614   -0.57990744524372    1.53036697891606
H        -1.21779193661050    1.46290234953254    1.45344204563697
H         1.08696256407012    3.51422498461827   -1.47610880571618
C         1.92188960529697   -1.03235696313932   -0.91073458585145
C         0.82176113356171   -1.84012831273759   -1.60664209711131
H         2.29784883303780   -1.57263035311041   -0.03523010947140
H         2.77409658781271   -0.91687679044211   -1.58820234350765
C        -0.43276686789683   -2.10185705476752   -0.77931761863518
O        -1.19143988732706   -2.93000950734765   -1.25565669000264
O        -0.70856068396688   -1.43010766997378    0.36803774164587
H         0.09751480037579   -0.80861205391012    0.79418374065293
N         0.40472212965736   -1.20779204020579   -2.84811303959169
H         1.23213301846326   -2.83047002598693   -1.87050672176816
H        -0.31252311560119   -1.78195640333163   -3.27455675654600
H        -0.02934115316508   -0.31942373407851   -2.63602640477538
24
 energy: -4.300676595367 gnorm: 0.013418762204 xtb: 6.4.0 (d4b70c2)
C        -0.38688506398330    1.47671750115430    0.76246628893118
C        -0.15246735269980    2.60856978467434    0.02453869577210
C         0.89001116463436    2.60379942271879   -0.93484848054637
C         0.53695026026810    0.33559215159535    0.68079663353883
C         1.43650740355375    0.30992419237463   -0.48724948305221
C         1.61720038576209    1.44073045821320   -1.21712524708680
O        -0.94093021770792    3.73045297235255    0.21816692577754
H        -0.73617325723095    4.41447768930136   -0.44714354028462
H         2.28810755249371    1.42490421889418   -2.05824522437522
H         0.45459331679579   -0.59420229274183    1.52220511765884
H        -1.20615697933663    1.46554205214442    1.45881509775379
H         1.08150569058601    3.50468307232006   -1.49047886790118
C         1.92402574786174   -1.03193491092826   -0.90766352803724
C         0.81939827620930   -1.83648134736023   -1.60517353780798
H         2.29294299387258   -1.57455323961197   -0.03108984202141
H         2.77923991929326   -0.91893153093452   -1.57974765159232
C        -0.43663367479346   -2.09611303492853   -0.77745686136356
O        -1.19209792731243   -2.91938922804618   -1.25188753026796
O        -0.70944188098790   -1.42808630554644    0.36910394814885
H         0.10527727692416   -0.80637605046877    0.77772173003895
N         0.40726533149825   -1.19746153975447   -2.84611650117420
H         1.22832788671360   -2.82495920527838   -1.87288507930051
H        -0.30859811284412   -1.76706699919550   -3.27735196947277
H        -0.02516987141339   -0.31058305339991   -2.62850448237726
24
 energy: -4.300836056916 gnorm: 0.009707120306 xtb: 6.4.0 (d4b70c2)
C        -0.38412486345770    1.47354604999515    0.76587102658906
C        -0.15805748859390    2.60227211206875    0.02242942267305
C         0.88688144146052    2.59881105239642   -0.93781763363722
C         0.54915985382967    0.33690891350683    0.69376116070317
C         1.44454481450884    0.30782034600284   -0.47986812620760
C         1.61683602147582    1.43770126821652   -1.21594876568938
O        -0.95476214109272    3.71831702056933    0.21041841978621
H        -0.73122383946120    4.40926010581063   -0.44878148271753
H         2.28351163865935    1.42067765732428   -2.06052054478521
H         0.46077281435473   -0.59447599485069    1.52948361728742
H        -1.20551815458667    1.46157180040119    1.45897450612772
H         1.07081398845972    3.49591247478016   -1.50101076387590
C         1.92713101202265   -1.03302516474908   -0.90730921383268
C         0.81708219271560   -1.83303724254002   -1.60415614904495
H         2.29367970649032   -1.58121856600216   -0.03313434863552
H         2.78172505090275   -0.92002797764075   -1.58024426421846
C        -0.44248688766795   -2.08461381711578   -0.77917709534374
O        -1.20345800537531   -2.89861273637088   -1.25819886791206
O        -0.70819509080295   -1.41931635952075    0.37127814361361
H         0.11101755702380   -0.80419599216082    0.78267155559380
N         0.41272319792739   -1.19194106434481   -2.84582095878782
H         1.22216599373265   -2.82272978868547   -1.87174657241245
H        -0.29763959361228   -1.76146351121903   -3.28601573610365
H        -0.02578035075633   -0.30888580832368   -2.62429071821141
24
 energy: -4.301007092676 gnorm: 0.010460587308 xtb: 6.4.0 (d4b70c2)
C        -0.37870837385582    1.47239553492707    0.77296292061241
C        -0.16371467853445    2.59596166657525    0.01982262545160
C         0.88143628337992    2.59129897892042   -0.94327663538360
C         0.55812787616366    0.33691960130051    0.70633988651797
C         1.45369692996296    0.30327220675491   -0.46896678208962
C         1.61564498057582    1.43263493128611   -1.21313900034633
O        -0.96640699014956    3.70543188473361    0.20209210324138
H        -0.73030295892654    4.40028563682354   -0.45141158408253
H         2.27807057009672    1.41332519477146   -2.06154882475069
H         0.45968319376916   -0.59147666024222    1.53837031837073
H        -1.20003922653839    1.46282555096158    1.46482053846691
H         1.05364813657352    3.48180164868531   -1.52017766686269
C         1.93128188845901   -1.03492775473843   -0.90491693376124
C         0.81621578263897   -1.82863241698476   -1.60282709033675
H         2.29717672333391   -1.59055842210846   -0.03529770881314
H         2.78347333193021   -0.91973550152091   -1.58123389517601
C        -0.44857307175790   -2.07179612147930   -0.78298053532633
O        -1.21595668066455   -2.87589027748108   -1.27276914005809
O        -0.70605539511105   -1.40884455423163    0.37221593596114
H         0.12029387870649   -0.80481554508380    0.78770411648569
N         0.41947588787192   -1.18547632454327   -2.84436146787588
H         1.21594249088535   -2.82039803944383   -1.87074770094528
H        -0.28926433463647   -1.75059712007651   -3.29030184198297
H        -0.01834737601609   -0.30374932025737   -2.61952502635823
24
 energy: -4.301192417057 gnorm: 0.012278602049 xtb: 6.4.0 (d4b70c2)
C        -0.37123685348363    1.47314160916127    0.78181409335260
C        -0.16837250132176    2.58998907821434    0.01665623183319
C         0.87430275907216    2.58238973683340   -0.95039931855793
C         0.56333299991273    0.33536662527081    0.71434038557803
C         1.46397869995437    0.29910082311577   -0.45786131494741
C         1.61538022781426    1.42701553256312   -1.20930991719257
O        -0.97569094815855    3.69262049799545    0.19417028570706
H        -0.73145619657662    4.39254779690905   -0.45265370707615
H         2.27338312125654    1.40352390897222   -2.06164433481177
H         0.44993937775917   -0.59068307610505    1.54482988281429
H        -1.18810300965106    1.46882090330514    1.47780297400588
H         1.03193006631978    3.46419422175497   -1.54423463526731
C         1.93499555135029   -1.03704993306130   -0.90045808431620
C         0.81603530829046   -1.82342191737457   -1.60051448524862
H         2.30060697685436   -1.60020417715697   -0.03590550097117
H         2.78461033028139   -0.92028078397830   -1.58099922306180
C        -0.45345386128169   -2.05972816651049   -0.78625772059968
O        -1.22021060690359   -2.85543531150172   -1.28678192176070
O        -0.70812661801220   -1.39753783777387    0.36879815208296
H         0.12910973518386   -0.80909226051328    0.78486160054170
N         0.42630964419306   -1.17776578720400   -2.84082610230610
H         1.20985659264773   -2.81743279135353   -1.86940132514655
H        -0.28423393364438   -1.73652026141921   -3.29097105128732
H        -0.00608799369987   -0.29430365259505   -2.61420835240599
24
 energy: -4.301342681429 gnorm: 0.008857129419 xtb: 6.4.0 (d4b70c2)
C        -0.37023397168281    1.46955591921583    0.78178293089304
C        -0.16836109515649    2.58712638802402    0.01595143701164
C         0.87159635369345    2.58093603962534   -0.95120403286780
C         0.56617385175924    0.33191614110621    0.71277454676588
C         1.46607224308743    0.30079163145759   -0.45905796882787
C         1.61587805810993    1.42690021314893   -1.21026566550075
O        -0.97945393265663    3.68908455301521    0.19109318494388
H        -0.73586857803576    4.39005623654537   -0.45173723902047
H         2.27322979259943    1.40357072940063   -2.06286789452173
H         0.45321015544667   -0.59580341912745    1.54270121605418
H        -1.18547264836160    1.46511351646084    1.48135500567103
H         1.02681860931068    3.46260040787678   -1.54561289007613
C         1.93574143924312   -1.03774245083597   -0.89878645612668
C         0.81609264888889   -1.82256910451274   -1.59891224071222
H         2.30085257104876   -1.59921846125513   -0.03291337309163
H         2.78572887913439   -0.92372163976201   -1.57866644637697
C        -0.45558568340411   -2.05270719881146   -0.78552028245130
O        -1.22695580684052   -2.84301975157606   -1.28750671115015
O        -0.70814829273603   -1.38951768721960    0.36903165103912
H         0.13230580810950   -0.81093423931530    0.78335314870384
N         0.42944749334786   -1.17865580011819   -2.84171340155500
H         1.20663250298529   -2.81890495564538   -1.86431548938568
H        -0.28596155927669   -1.73547312187157   -3.28858833580568
H         0.00306002954280   -0.29012916827770   -2.61952808265411
24
 energy: -4.301515194663 gnorm: 0.009640308419 xtb: 6.4.0 (d4b70c2)
C        -0.36523274793893    1.46240083322612    0.78443145518072
C        -0.16841348179661    2.58009000419864    0.01497333634990
C         0.86438045516773    2.57766584155281   -0.95395365093479
C         0.57639594611024    0.32588690593602    0.71186583943259
C         1.47217226267757    0.30569414597853   -0.46125148619591
C         1.61710245140612    1.42745054762896   -1.21355410656373
O        -0.98997283886577    3.67937147494457    0.18377634049938
H        -0.74877591299898    4.38414870113620   -0.45034055804490
H         2.27156351111079    1.40398651681609   -2.06800441248066
H         0.46530229665192   -0.60514007772440    1.54498586429866
H        -1.17652183798680    1.45647331415326    1.49140490076814
H         1.01148466943546    3.45831902905456   -1.55158095180502
C         1.93686985087900   -1.03973726902666   -0.89388740455567
C         0.81544477467859   -1.82090655640028   -1.59474801540107
H         2.30047714170779   -1.59721163398848   -0.02475970056072
H         2.78822560700879   -0.93321411398818   -1.57213444990817
C        -0.46405386253223   -2.03588968124146   -0.78703196127863
O        -1.24637839889757   -2.81133902394779   -1.29568086865397
O        -0.71278581640798   -1.37358219408272    0.36860856262670
H         0.14164221720886   -0.81824795726280    0.78044454042486
N         0.43905514415387   -1.18189205932446   -2.84461094832119
H         1.19802751951435   -2.82304180808251   -1.85052368275440
H        -0.28953198407776   -1.73227600161494   -3.28218489767666
H         0.03032190194836   -0.27975416039288   -2.63539713348702
24
 energy: -4.301596572623 gnorm: 0.008287036512 xtb: 6.4.0 (d4b70c2)
C        -0.36231976750828    1.45946033337279    0.78720374097387
C        -0.16945684498748    2.57606402291561    0.01567320199204
C         0.86123244537713    2.57579027794284   -0.95531855199206
C         0.58114251665478    0.32416516939097    0.71325193429791
C         1.47488086739407    0.30643040748314   -0.46140581436717
C         1.61690274222979    1.42750846359503   -1.21570624926388
O        -0.99510147182213    3.67319615719861    0.18287708812058
H        -0.75485192443332    4.38113472244614   -0.44915802273021
H         2.26965931857987    1.40413050324611   -2.07158258419981
H         0.46743639765127   -0.60771372197081    1.54259673518137
H        -1.17249231317595    1.45154135609599    1.49470724753802
H         1.00363812322329    3.45574187172942   -1.55533600468522
C         1.93773068072717   -1.04102515483649   -0.89225698178180
C         0.81495824992744   -1.82047424527656   -1.59262585765703
H         2.30045451393163   -1.59761605159498   -0.02222889516527
H         2.78980689698714   -0.93708844588907   -1.57012584434951
C        -0.46841167805488   -2.02599344017213   -0.78806563717845
O        -1.25661010037743   -2.79352101917773   -1.29987116309385
O        -0.71392816639790   -1.36495802492629    0.36958776916967
H         0.14792768561790   -0.81967957786633    0.78036438074230
N         0.44476590214787   -1.18476344751444   -2.84617082922730
H         1.19351788555467   -2.82538856304286   -1.84316429535934
H        -0.28987549635706   -1.73081138931308   -3.27860760619987
H         0.04579240526719   -0.27687542628767   -2.64379114980651
24
 energy: -4.301719333013 gnorm: 0.007262762167 xtb: 6.4.0 (d4b70c2)
C        -0.35590431604120    1.45543387553989    0.79456350109840
C        -0.17224259907962    2.56870784201008    0.01771896414594
C         0.85540988848783    2.57181167752974   -0.95799591036210
C         0.59086284049868    0.32326089086484    0.71915319617156
C         1.47986094202657    0.30662541359659   -0.46009788765456
C         1.61544906384377    1.42691286615221   -1.21951650598064
O        -1.00455669272202    3.66103734411887    0.18258128203059
H        -0.76614186197744    4.37434069510936   -0.44715172747281
H         2.26419980998567    1.40330988553976   -2.07868392826685
H         0.47050757438193   -0.60882432464278    1.54279119462450
H        -1.16490880178400    1.44324241863488    1.50146124523830
H         0.98827735680420    3.44964352691120   -1.56376605337861
C         1.93915229625947   -1.04320249912295   -0.88988015151226
C         0.81371339173571   -1.81991289360663   -1.58922623744559
H         2.30023252965129   -1.59956361014267   -0.01909615152701
H         2.79234524103931   -0.94286357527706   -1.56734402097068
C        -0.47707701946221   -2.00656669836094   -0.79149629614718
O        -1.27680884270512   -2.75767770382333   -1.31007755221980
O        -0.71533956651809   -1.34963409098990    0.37107946251294
H         0.16048516923216   -0.82268047305250    0.77951513462673
N         0.45662716586764   -1.19165471836972   -2.85026251264732
H         1.18513123176273   -2.82992828944373   -1.82909135487088
H        -0.28895848563511   -1.72888309586994   -3.27312476394555
H         0.07648255250465   -0.27367968575705   -2.66120631508867
24
 energy: -4.301815141418 gnorm: 0.005846549071 xtb: 6.4.0 (d4b70c2)
C        -0.34917700849104    1.45242749052586    0.80344040447202
C        -0.17588287839608    2.56167810171464    0.02005632497120
C         0.84936894444549    2.56694033343256   -0.96048264098923
C         0.60104458436316    0.32415271027260    0.72823112273893
C         1.48470838478280    0.30556171142353   -0.45691582299244
C         1.61266209159283    1.42489963261029   -1.22213779589602
O        -1.01363970650910    3.64879309964267    0.18302132211344
H        -0.77689918757143    4.36550113278624   -0.44571914700549
H         2.25667743810563    1.40062231179311   -2.08499996073012
H         0.47047888604777   -0.60683762196947    1.54631422795039
H        -1.15749985376640    1.43642160915714    1.50975248548211
H         0.97271914444293    3.44181873968177   -1.57278997239846
C         1.94057097692214   -1.04470374401693   -0.88850993688283
C         0.81232471024978   -1.81923822650011   -1.58665607505498
H         2.30041671011170   -1.60250104736914   -0.01816337450158
H         2.79416294447911   -0.94629154990113   -1.56611184484248
C        -0.48531913523841   -1.98571185368797   -0.79572178898401
O        -1.29778172551543   -2.71797375702946   -1.32183265983737
O        -0.71395413620665   -1.33472190355650    0.37293783635987
H         0.17430086622395   -0.82562658924740    0.77814382306321
N         0.46936139841463   -1.20039656205202   -2.85603937860302
H         1.17676670082213   -2.83443654263879   -1.81466887030397
H        -0.28706003140248   -1.72838250708783   -3.26954821697271
H         0.10844875024979   -0.27274019043546   -2.68075345019798
24
 energy: -4.301868964283 gnorm: 0.004566512774 xtb: 6.4.0 (d4b70c2)
C        -0.34549750139256    1.45147824596837    0.80906450275798
C        -0.17852282455196    2.55835444500630    0.02126957218646
C         0.84565214226239    2.56343515750474   -0.96154001023425
C         0.60706615336719    0.32588521791272    0.73585713071617
C         1.48736051234423    0.30401989488026   -0.45338570652717
C         1.60998092153738    1.42233698027968   -1.22189095504469
O        -1.01825041671324    3.64255442084713    0.18352109790498
H        -0.78226495820513    4.35868167912086   -0.44600828325017
H         2.25078000721524    1.39724477350460   -2.08707390416245
H         0.46660415144613   -0.60362277204734    1.55074278108958
H        -1.15337038385705    1.43455760512040    1.51609430501596
H         0.96438072799328    3.43607183198237   -1.57764613333985
C         1.94145268272135   -1.04469948420730   -0.88874883249862
C         0.81151267808244   -1.81854013268504   -1.58604258059064
H         2.30139185514002   -1.60476438971954   -0.01984478629359
H         2.79427081458813   -0.94573656294148   -1.56722357489967
C        -0.48907878239751   -1.97308399104833   -0.79853414632533
O        -1.30970056837339   -2.69204550924926   -1.32987479193912
O        -0.70988938125072   -1.32764928770395    0.37477259122273
H         0.18312951927428   -0.82717579653812    0.77757542299770
N         0.47673628725141   -1.20702186477901   -2.86080909752670
H         1.17211117881218   -2.83668101586576   -1.80643736164427
H        -0.28543946591375   -1.72977873740446   -3.26969385100234
H         0.12638351877647   -0.27456593038961   -2.69329677765424
24
 energy: -4.301902941831 gnorm: 0.003666861494 xtb: 6.4.0 (d4b70c2)
C        -0.34345718214157    1.45095173448508    0.81221490581578
C        -0.18030393686804    2.55691524484468    0.02161810226355
C         0.84274563250866    2.56086669745249   -0.96199438812721
C         0.61129715076254    0.32712263265005    0.74177337812061
C         1.48919170323512    0.30282311912879   -0.45014812508817
C         1.60766704034628    1.41980900357542   -1.22022826789684
O        -1.02088626878608    3.63973214850931    0.18369937771549
H        -0.78564441688510    4.35324408034532   -0.44749556214420
H         2.24610197032845    1.39389713571383   -2.08701079866914
H         0.46190847369725   -0.60139880866293    1.55521251569390
H        -1.15028989218104    1.43514623043693    1.52157545287501
H         0.95962744978193    3.43209272258384   -1.57995938353447
C         1.94221231241037   -1.04409405656620   -0.88936524888697
C         0.81112219632474   -1.81780319126040   -1.58604269215825
H         2.30321152393676   -1.60616326980981   -0.02210811210840
H         2.79355590356828   -0.94385838625540   -1.56925954433786
C        -0.49097775900670   -1.96476669777821   -0.80038814424699
O        -1.31777677130911   -2.67259925836173   -1.33652804521795
O        -0.70507550650887   -1.32482203447421    0.37676075319002
H         0.18924171913047   -0.82803410416820    0.77804837698170
N         0.48138943560381   -1.21238681479801   -2.86476883131537
H         1.16917806432408   -2.83799961671296   -1.80095637556121
H        -0.28396919227885   -1.73231820237654   -3.27185287998849
H         0.13672921816342   -0.27710153095292   -2.70194985241608
24
 energy: -4.301923276380 gnorm: 0.002960635568 xtb: 6.4.0 (d4b70c2)
C        -0.34234265399250    1.45037353706826    0.81343202081673
C        -0.18119685706994    2.55642328425312    0.02160223391642
C         0.84045980510254    2.55938764641158   -0.96237855328527
C         0.61422465045808    0.32739194221709    0.74528715576986
C         1.49049693341693    0.30229048835039   -0.44800538451253
C         1.60596973779282    1.41812710800346   -1.21876655632235
O        -1.02226365915974    3.63894374753645    0.18416956240944
H        -0.78829188533909    4.34975501205019   -0.44923913401669
H         2.24281544110198    1.39165487559986   -2.08665146884069
H         0.45870339715581   -0.60092455517262    1.55853940693940
H        -1.14768497684837    1.43647937188340    1.52542039580128
H         0.95702718954196    3.43020139983832   -1.58075308156873
C         1.94289306693510   -1.04361758472111   -0.88966881587401
C         0.81107801087061   -1.81729499601168   -1.58588071723167
H         2.30529800873522   -1.60670243002097   -0.02359053817384
H         2.79278128001846   -0.94245248992963   -1.57104756602427
C        -0.49232331394802   -1.95956352034632   -0.80154352399481
O        -1.32368660228707   -2.65831301372882   -1.34228103510440
O        -0.70140616369997   -1.32464473009704    0.37871610269893
H         0.19290957764216   -0.82835369230226    0.77945974876805
N         0.48437673482290   -1.21620035600563   -2.86729096167402
H         1.16737028170375   -2.83892996217965   -1.79708546909430
H        -0.28193890404251   -1.73519818538990   -3.27462630065651
H         0.14152976924571   -0.27957811975827   -2.70697090978753
24
 energy: -4.301939942846 gnorm: 0.002417655831 xtb: 6.4.0 (d4b70c2)
C        -0.34103214380724    1.44949609484079    0.81430256398052
C        -0.18173079514768    2.55585196865835    0.02179784304679
C         0.83792826728398    2.55829287533710   -0.96315333107434
C         0.61715567749006    0.32698044197992    0.74775796888545
C         1.49180100793140    0.30218465274586   -0.44654619441414
C         1.60426951975743    1.41703182809599   -1.21817379913609
O        -1.02333470390072    3.63842431948770    0.18559287724443
H        -0.79184160800649    4.34681816777552   -0.45090328898780
H         2.23954115987240    1.39014770806884   -2.08724593952862
H         0.45690907164384   -0.60151782000201    1.56146755137327
H        -1.14446681444009    1.43765245704149    1.52882882426193
H         0.95425007626493    3.42922004950735   -1.58147572248587
C         1.94363712701456   -1.04349380819337   -0.88949516077627
C         0.81119595774301   -1.81698199281912   -1.58515936610952
H         2.30752901978063   -1.60681889787697   -0.02417424511242
H         2.79222083768127   -0.94196900734606   -1.57236207205056
C        -0.49430538551229   -1.95416698673083   -0.80282376953102
O        -1.33056626744991   -2.64251675877547   -1.34938337644809
O        -0.69842274677197   -1.32536108738712    0.38107199472079
H         0.19598037746913   -0.82860015072222    0.78156631273941
N         0.48778641766408   -1.21995477395607   -2.86924926418416
H         1.16548760348060   -2.84017785965733   -1.79246580980145
H        -0.27843421299092   -1.73880244017268   -3.27764145666265
H         0.14524142510681   -0.28248420235145   -2.71128652899113
24
 energy: -4.301955030435 gnorm: 0.002312368822 xtb: 6.4.0 (d4b70c2)
C        -0.33926211243922    1.44849344580036    0.81548976873242
C        -0.18200562028462    2.55495985803845    0.02253225118736
C         0.83522719684125    2.55748482131140   -0.96430737697596
C         0.61996655663575    0.32617071842967    0.74927390201309
C         1.49293049348739    0.30242796982554   -0.44592979767871
C         1.60250829795470    1.41658408820916   -1.21880618046760
O        -1.02403415778137    3.63766773685313    0.18827212639358
H        -0.79644970852788    4.34413377071225   -0.45207834247440
H         2.23617520510020    1.38945189341964   -2.08913314777510
H         0.45679768501970   -0.60259302864282    1.56388517395831
H        -1.14072695841638    1.43827202640691    1.53202484159926
H         0.95085817223453    3.42878275849370   -1.58246287152233
C         1.94432228985885   -1.04371096070497   -0.88891446160655
C         0.81138566688581   -1.81692922364684   -1.58386395997406
H         2.30941351303651   -1.60654044717685   -0.02380557798350
H         2.79203637992700   -0.94246437637951   -1.57294692483926
C        -0.49697206861233   -1.94791774885507   -0.80447729437944
O        -1.33853230926265   -2.62422321574444   -1.35803591102519
O        -0.69616353626619   -1.32653505340200    0.38375399758598
H         0.19853343909873   -0.82890475006061    0.78390787356285
N         0.49199008009902   -1.22404738192056   -2.87086081976994
H         1.16335647067133   -2.84188625155525   -1.78661895675475
H        -0.27350896095531   -1.74337069117450   -3.28029355342325
H         0.14895285385199   -0.28605118068858   -2.71575814742433
24
 energy: -4.301971089445 gnorm: 0.002616491557 xtb: 6.4.0 (d4b70c2)
C        -0.33677556488438    1.44743940574358    0.81770515063821
C        -0.18216415047074    2.55357564626480    0.02409742521250
C         0.83213687910738    2.55672844730855   -0.96574738614886
C         0.62279852026128    0.32518014958470    0.75015875255836
C         1.49378218402122    0.30296654075429   -0.44617387306153
C         1.60046032274137    1.41663326502423   -1.22070172560256
O        -1.02445068262194    3.63628247066203    0.19238345930203
H        -0.80255640552391    4.34105481865947   -0.45261035685054
H         2.23233309028156    1.38938857919415   -2.09240240384319
H         0.45863137009854   -0.60379252386028    1.56586217362215
H        -1.13619251581940    1.43820629698030    1.53597787535508
H         0.94618762171409    3.42838792507796   -1.58393838423952
C         1.94492524280430   -1.04411161316856   -0.88804750213312
C         0.81162404317995   -1.81718493513805   -1.58199425951295
H         2.31076009673659   -1.60578216711237   -0.02254224791513
H         2.79229913183928   -0.94375377652474   -1.57274291962889
C        -0.50047910970075   -1.93966125372199   -0.80685975627776
O        -1.34833670273205   -2.60083411281695   -1.36919165830350
O        -0.69441228699164   -1.32773020110161    0.38683368626830
H         0.20090760867907   -0.82936740803290    0.78624672006762
N         0.49762367519647   -1.22949326844283   -2.87270976323163
H         1.16067750190949   -2.84436010235675   -1.77858790084107
H        -0.26724833770750   -1.74976558679082   -3.28216795697270
H         0.15426733603853   -0.29075181863797   -2.72200053750284
24
 energy: -4.301990541356 gnorm: 0.003108877310 xtb: 6.4.0 (d4b70c2)
C        -0.33328409824182    1.44631515885738    0.82180356563060
C        -0.18241081491165    2.55150641381465    0.02685987728922
C         0.82820421940411    2.55569332418842   -0.96730364843096
C         0.62596431347689    0.32416110785798    0.75092667808833
C         1.49430529548758    0.30372012765063   -0.44719295993692
C         1.59773250449352    1.41691486575228   -1.22378042474014
O        -1.02488790948203    3.63383138579754    0.19806456682689
H        -0.81075111806687    4.33683590404660   -0.45235569989336
H         2.22738715626015    1.38966727967965   -2.09711227906955
H         0.46279792515301   -0.60499327319578    1.56744051337481
H        -1.13033080405775    1.43734777874569    1.54211313617258
H         0.93926564015831    3.42740910575076   -1.58614021216990
C         1.94554183460495   -1.04446847757605   -0.88702668234377
C         0.81197060472232   -1.81780629953625   -1.57950303649025
H         2.31160897867036   -1.60439149820891   -0.02051615577283
H         2.79310820418459   -0.94552338500050   -1.57180580480656
C        -0.50510136653528   -1.92765875748004   -0.81052142007139
O        -1.36117623418476   -2.56831070286522   -1.38447264757715
O        -0.69294434945489   -1.32820450977809    0.39032510723869
H         0.20360165752575   -0.83006927784487    0.78840224881939
N         0.50556283711256   -1.23790306182410   -2.87560786871485
H         1.15706103165306   -2.84807210926576   -1.76691517849860
H        -0.25994815448655   -1.75935869955417   -3.28252796748102
H         0.16352151467124   -0.29738762246363   -2.73230709648477
24
 energy: -4.302020889095 gnorm: 0.004081830601 xtb: 6.4.0 (d4b70c2)
C        -0.32802566411441    1.44512057033499    0.82935529464080
C        -0.18289775029114    2.54857418374592    0.03190855903550
C         0.82223279496836    2.55402786281672   -0.96888659878678
C         0.62999210935803    0.32307618101554    0.75211468660870
C         1.49429077935040    0.30471534767929   -0.44910420051613
C         1.59316296693896    1.41722929507975   -1.22838923231857
O        -1.02530487022865    3.63005512391853    0.20699563699659
H        -0.82283065429381    4.33026520036558   -0.45104011713913
H         2.21957543585115    1.39010211831502   -2.10402255608844
H         0.47033476659705   -0.60653613469254    1.56873382501886
H        -1.12145122188087    1.43592938810714    1.55315644575867
H         0.92812783579217    3.42530358173073   -1.58930045755860
C         1.94652504443722   -1.04439383115336   -0.88596718831233
C         0.81284645028821   -1.81910755028919   -1.57587580942418
H         2.31257480709117   -1.60167255566053   -0.01772484285691
H         2.79468415599666   -0.94729493273863   -1.57035901528681
C        -0.51166950131992   -1.90789456703459   -0.81713493996218
O        -1.37991393754765   -2.51561482909704   -1.40953946208631
O        -0.69135166193440   -1.32799362817459    0.39460027717597
H         0.20693599896616   -0.83104959190926    0.79070433163150
N         0.51790910228353   -1.25345081425632   -2.88093439611080
H         1.15178431653429   -2.85425879242056   -1.74759169548857
H        -0.25113516494768   -1.77669221950095   -3.27980737280572
H         0.18040273026197   -0.30918462863340   -2.75104456116663
24
 energy: -4.302044311554 gnorm: 0.007996993186 xtb: 6.4.0 (d4b70c2)
C        -0.31953356607688    1.44383556981365    0.84346176957290
C        -0.18365923502138    2.54437007805981    0.04178439010301
C         0.81216152437639    2.55152156269841   -0.97016975081050
C         0.63519522668549    0.32147578497103    0.75353943136385
C         1.49301911898250    0.30640446292742   -0.45301355919739
C         1.58476913636135    1.41793241784848   -1.23592944355510
O        -1.02530132837602    3.62444220365009    0.22300929571452
H        -0.84236974240429    4.31968080199695   -0.44713915536048
H         2.20608771772842    1.39135733282052   -2.11507778836557
H         0.48453855414197   -0.60961921702400    1.56891809914574
H        -1.10649666143993    1.43370834157373    1.57388871579724
H         0.90893923237850    3.42164222885710   -1.59358866576663
C         1.94864197680943   -1.04311586611082   -0.88505736031115
C         0.81540263655502   -1.82206156886735   -1.56972686421617
H         2.31476720579821   -1.59558207396724   -0.01365796986039
H         2.79790426438442   -0.94849991015933   -1.56844763196938
C        -0.52171153043382   -1.87224873136498   -0.83053990362141
O        -1.40900411347147   -2.42045970059181   -1.45655348889285
O        -0.69016374527121   -1.32714978870845    0.39956961479966
H         0.21044994532961   -0.83258239825226    0.79313960830773
N         0.53846604938478   -1.28537637441856   -2.89097974912574
H         1.14364833183969   -2.86571064007344   -1.71178627323185
H        -0.24208605155384   -1.81181086528508   -3.26766276284541
H         0.21313392144985   -0.33289887284563   -2.78713394671612
24
 energy: -4.302073269938 gnorm: 0.005156792517 xtb: 6.4.0 (d4b70c2)
C        -0.32482273420312    1.44659795871654    0.83830866624693
C        -0.18240436189942    2.54851084483564    0.03958654495647
C         0.81824627499933    2.55428380046777   -0.96735267572857
C         0.62783487577267    0.32283980203961    0.74954019430117
C         1.48991693927554    0.30580219437225   -0.45387309213060
C         1.58798257347656    1.41875083599291   -1.23316204664091
O        -1.02184241637982    3.63004918541788    0.21823672366375
H        -0.83014788727882    4.32757437337742   -0.44545316044956
H         2.21307767116680    1.39261106832936   -2.10948896925030
H         0.48211185559383   -0.60834780722778    1.56434954942367
H        -1.11482380155896    1.43565984636570    1.56572626254892
H         0.91960717505867    3.42474805065116   -1.58909459570064
C         1.94702169896447   -1.04232283017527   -0.88684111934101
C         0.81522718056692   -1.82250552770394   -1.57299095142814
H         2.31251181791790   -1.59581048652071   -0.01581272879225
H         2.79677593386516   -0.94592141523432   -1.56928383359685
C        -0.51468151747607   -1.88990484074486   -0.82605304958709
O        -1.38784597964182   -2.46551772931785   -1.43627938057642
O        -0.69428813176614   -1.32928692120552    0.39406496065338
H         0.20250829275416   -0.83077727214581    0.78972782069929
N         0.52780777257892   -1.27606861320645   -2.88690063043735
H         1.14970824282999   -2.86128787766863   -1.72646394386204
H        -0.25116226567073   -1.80291354129017   -3.26593455299441
H         0.19847965921081   -0.32750832057670   -2.77370938101891
24
 energy: -4.302105874360 gnorm: 0.002185615253 xtb: 6.4.0 (d4b70c2)
C        -0.32413196565805    1.44516874120150    0.83920515122518
C        -0.18413219985968    2.54717309159519    0.03852743321839
C         0.81642564489086    2.55248220109494   -0.96705331751015
C         0.63203889935470    0.32312866544831    0.75432086180140
C         1.49240804344525    0.30502000149711   -0.45091376025052
C         1.58750955324400    1.41693429949401   -1.23073899251275
O        -1.02689595585126    3.62702523250936    0.21417520076375
H        -0.83086334890888    4.32549357567717   -0.44577180461389
H         2.21132876372843    1.39048566833514   -2.10809838452753
H         0.47946945290434   -0.60873894161299    1.56652500914523
H        -1.11407219576587    1.43386041108340    1.56763267651941
H         0.91609081023768    3.42184636529156   -1.59079950059870
C         1.94796322807051   -1.04224233612158   -0.88719597997196
C         0.81485250703784   -1.82225195923182   -1.57319619854770
H         2.31498752339917   -1.59723566405034   -0.01776364522212
H         2.79608505585213   -0.94500811497892   -1.57135795813779
C        -0.51634311212916   -1.88585868668276   -0.82573019067249
O        -1.39342030705830   -2.46038934727477   -1.43538748922981
O        -0.69335252340664   -1.32172781817275    0.39353218636173
H         0.20801671373810   -0.83167026099736    0.78927693875268
N         0.53011400462448   -1.27821641720943   -2.88931089274361
H         1.14785326318413   -2.86238237886136   -1.72455331449548
H        -0.25586787232934   -1.79902893145041   -3.26489986726082
H         0.21073488541237   -0.32461261903496   -2.77957755053397
24
 energy: -4.302125893996 gnorm: 0.002657314732 xtb: 6.4.0 (d4b70c2)
C        -0.32198302235365    1.44508285729359    0.84418219258344
C        -0.18527802796887    2.54678340734663    0.04186052328287
C         0.81245027308129    2.55127297915344   -0.96603046080363
C         0.63436225822046    0.32316467326350    0.75745805750408
C         1.49209358756884    0.30462821102132   -0.45030806404761
C         1.58350282801576    1.41592600220606   -1.23067691472209
O        -1.02856322681383    3.62583978957401    0.21817458342232
H        -0.83506847967308    4.32269374641699   -0.44376582231903
H         2.20535676307696    1.38970331417756   -2.10944003589558
H         0.48208558153831   -0.61033764854029    1.56692180573539
H        -1.10971827387679    1.43357737285798    1.57544216194029
H         0.90935274231426    3.41964629278234   -1.59143810759022
C         1.94951088894542   -1.04073855806647   -0.88828142563125
C         0.81642830752933   -1.82402696614158   -1.57169773756703
H         2.31898474824982   -1.59508094432415   -0.01938350889544
H         2.79606875957991   -0.94217005980341   -1.57405797484852
C        -0.51903011189268   -1.87255391670288   -0.83107871762246
O        -1.40249846801992   -2.42617999700407   -1.45252503834138
O        -0.69303009648647   -1.31825982542650    0.39328108499557
H         0.20952380674308   -0.83183765758030    0.78972232812329
N         0.53699501067411   -1.29382234555254   -2.89429427743578
H         1.14578828816763   -2.86709127116348   -1.71097057694215
H        -0.25950006843124   -1.81157447347356   -3.25650908964268
H         0.22896479996814   -0.33539020476596   -2.79573837432390
24
 energy: -4.302135207770 gnorm: 0.001477133570 xtb: 6.4.0 (d4b70c2)
C        -0.32305958309729    1.44570523226745    0.84284883961275
C        -0.18530910943738    2.54812848381062    0.04137246316507
C         0.81303782480161    2.55175677376812   -0.96538714459627
C         0.63369680980107    0.32349900793001    0.75790848597968
C         1.49167425877708    0.30413416135200   -0.44952300921606
C         1.58325928004537    1.41554649337578   -1.22925763020163
O        -1.02845629768076    3.62758367811679    0.21744328661393
H        -0.83196472728118    4.32480029801622   -0.44336713015779
H         2.20542538478751    1.38932614424052   -2.10782060258536
H         0.48059034457387   -0.61048899259233    1.56711207822497
H        -1.11127479366872    1.43454114856216    1.57363955921821
H         0.91135106153298    3.42027958713686   -1.59031497642449
C         1.94930219083189   -1.04049014560654   -0.88897780493176
C         0.81634078567692   -1.82449862090479   -1.57232477114983
H         2.32037000959371   -1.59527270471756   -0.02103786772526
H         2.79467346996755   -0.94063897413783   -1.57605684151420
C        -0.51806244087936   -1.87588356627351   -0.82998196351516
O        -1.39946812739487   -2.43467720057255   -1.44854927119549
O        -0.69341827489908   -1.31807565889729    0.39246572393266
H         0.20818395415605   -0.83103551193892    0.78998965640966
N         0.53567580731524   -1.29338687061330   -2.89410134207340
H         1.14696349011295   -2.86668889377100   -1.71315410891877
H        -0.26073910980611   -1.80909899789611   -3.25778430314358
H         0.22800666032777   -0.33581009310654   -2.79429471484937
24
 energy: -4.302144572079 gnorm: 0.001978423226 xtb: 6.4.0 (d4b70c2)
C        -0.32355718197893    1.44646278002433    0.84274477762238
C        -0.18544167573938    2.54996044175399    0.04264704587542
C         0.81209298556460    2.55285790982462   -0.96423610045944
C         0.63331471731544    0.32340461189001    0.75800807335385
C         1.49035825492178    0.30407835430505   -0.44961417510849
C         1.58115799971806    1.41574514207072   -1.22859218045971
O        -1.02897441613637    3.62975090227571    0.21911432108805
H        -0.82862197001773    4.32865220699264   -0.43905946114737
H         2.20305284980149    1.38997897392388   -2.10737969798847
H         0.48223055241910   -0.61252948585826    1.56646433253988
H        -1.11175632618960    1.43478747751419    1.57338904583021
H         0.91091112089567    3.42165594986978   -1.58881620836877
C         1.94895481603129   -1.04001081553619   -0.89009120248841
C         0.81635060968034   -1.82671254041068   -1.57171104516843
H         2.32386718331677   -1.59379407802104   -0.02316604157108
H         2.79199531724447   -0.93857443040382   -1.57989056927496
C        -0.51880376801432   -1.87614828887198   -0.82994339398772
O        -1.39812481144153   -2.43723485014815   -1.44708834248348
O        -0.69667889448975   -1.31499805942623    0.39041131344266
H         0.20503751972965   -0.82959111475383    0.79012585816362
N         0.53787155410661   -1.30038642090149   -2.89599525766026
H         1.14724266243520   -2.86917812506623   -1.70883561205791
H        -0.26434688396290   -1.80943612751559   -3.25595234073009
H         0.23866665294685   -0.33948563598318   -2.80168652800298
24
 energy: -4.302149902131 gnorm: 0.001029579392 xtb: 6.4.0 (d4b70c2)
C        -0.32255487203212    1.44667298104726    0.84401832212693
C        -0.18559125108455    2.55005302303769    0.04401606689514
C         0.81069911096656    2.55327947432115   -0.96456694035170
C         0.63382696185846    0.32337965895324    0.75792403832468
C         1.48963758543169    0.30446593978373   -0.45035723265486
C         1.57948476130832    1.41631530361129   -1.22981242216385
O        -1.02881886142444    3.62983073099488    0.22210909937478
H        -0.82882568835960    4.32935339792207   -0.43585898090897
H         2.20058478110732    1.39074041776355   -2.10917537991827
H         0.48380315464202   -0.61316411175072    1.56639715654763
H        -1.11025937100316    1.43475152159606    1.57492336979285
H         0.90869852461396    3.42225520538062   -1.58912132732373
C         1.94863968887388   -1.03995533731632   -0.89016670671100
C         0.81627364589752   -1.82782571669153   -1.57054145963951
H         2.32503521879909   -1.59260917752787   -0.02320396177803
H         2.79096943764358   -0.93840374024938   -1.58088215650674
C        -0.52044078134350   -1.87358733374405   -0.83094257041358
O        -1.40101809547943   -2.43150412690460   -1.45015243278933
O        -0.69781974393692   -1.31387584079042    0.39030279512012
H         0.20399817710858   -0.82886867251884    0.79060400215864
N         0.54114259644933   -1.30570375145598   -2.89729375927154
H         1.14623427905065   -2.87113294506235   -1.70361352647094
H        -0.26295171599198   -1.81182867321859   -3.25620767751014
H         0.24605132506155   -0.34338344963264   -2.80755170497007
24
 energy: -4.302153456548 gnorm: 0.000783331415 xtb: 6.4.0 (d4b70c2)
C        -0.32112165987556    1.44701238536747    0.84633960336909
C        -0.18590367675316    2.54994071035368    0.04581187629499
C         0.80889353086614    2.55382947794542   -0.96483499881819
C         0.63435608053698    0.32369137407445    0.75765187096553
C         1.48846944624360    0.30527932187715   -0.45178208519188
C         1.57757138268093    1.41727924426915   -1.23156266438933
O        -1.02863506469169    3.62950306644730    0.22574868271277
H        -0.82861596715022    4.33045111789120   -0.43056003475459
H         2.19769506680431    1.39197005052724   -2.11158664725726
H         0.48540820797227   -0.61348460902734    1.56555305090356
H        -1.10796795194425    1.43465554402400    1.57820371742801
H         0.90526525658403    3.42279518435751   -1.58965924366719
C         1.94792853537838   -1.03965633697150   -0.89032011571944
C         0.81593870074779   -1.82918005320564   -1.56917676170788
H         2.32532780286070   -1.59081909726816   -0.02287457233473
H         2.79000526005201   -0.93838846285226   -1.58137313388923
C        -0.52241085505412   -1.87059440392514   -0.83224308998785
O        -1.40412145651939   -2.42623829639708   -1.45265936757176
O        -0.69970910199249   -1.31121722807997    0.38927040694622
H         0.20288446225114   -0.82795560496210    0.79003034467928
N         0.54538548500483   -1.31314818598031   -2.89941980293166
H         1.14466131644843   -2.87366217263747   -1.69667108833024
H        -0.26237288499723   -1.81524243287400   -3.25629002302051
H         0.25786695270337   -0.34756581540534   -2.81674931276918
