Performing C SOURCE FILE Test CMAKE_HAVE_LIBC_PTHREAD failed with the following output:
Change Dir: /home/dario/revSUPRA/build/CMakeFiles/CMakeTmp

Run Build Command(s):/usr/bin/make cmTC_0d39f/fast && /usr/bin/make -f CMakeFiles/cmTC_0d39f.dir/build.make CMakeFiles/cmTC_0d39f.dir/build
make[1]: Entering directory '/home/dario/revSUPRA/build/CMakeFiles/CMakeTmp'
Building C object CMakeFiles/cmTC_0d39f.dir/src.c.o
/usr/bin/cc   -DCMAKE_HAVE_LIBC_PTHREAD   -o CMakeFiles/cmTC_0d39f.dir/src.c.o   -c /home/dario/revSUPRA/build/CMakeFiles/CMakeTmp/src.c
Linking C executable cmTC_0d39f
/usr/bin/cmake -E cmake_link_script CMakeFiles/cmTC_0d39f.dir/link.txt --verbose=1
/usr/bin/cc  -DCMAKE_HAVE_LIBC_PTHREAD    CMakeFiles/cmTC_0d39f.dir/src.c.o  -o cmTC_0d39f 
/usr/bin/ld: CMakeFiles/cmTC_0d39f.dir/src.c.o: in function `main':
src.c:(.text+0x46): undefined reference to `pthread_create'
/usr/bin/ld: src.c:(.text+0x52): undefined reference to `pthread_detach'
/usr/bin/ld: src.c:(.text+0x63): undefined reference to `pthread_join'
collect2: error: ld returned 1 exit status
make[1]: *** [CMakeFiles/cmTC_0d39f.dir/build.make:87: cmTC_0d39f] Error 1
make[1]: Leaving directory '/home/dario/revSUPRA/build/CMakeFiles/CMakeTmp'
make: *** [Makefile:121: cmTC_0d39f/fast] Error 2


Source file was:
#include <pthread.h>

void* test_func(void* data)
{
  return data;
}

int main(void)
{
  pthread_t thread;
  pthread_create(&thread, NULL, test_func, NULL);
  pthread_detach(thread);
  pthread_join(thread, NULL);
  pthread_atfork(NULL, NULL, NULL);
  pthread_exit(NULL);

  return 0;
}

Determining if the function pthread_create exists in the pthreads failed with the following output:
Change Dir: /home/dario/revSUPRA/build/CMakeFiles/CMakeTmp

Run Build Command(s):/usr/bin/make cmTC_927ec/fast && /usr/bin/make -f CMakeFiles/cmTC_927ec.dir/build.make CMakeFiles/cmTC_927ec.dir/build
make[1]: Entering directory '/home/dario/revSUPRA/build/CMakeFiles/CMakeTmp'
Building C object CMakeFiles/cmTC_927ec.dir/CheckFunctionExists.c.o
/usr/bin/cc   -DCHECK_FUNCTION_EXISTS=pthread_create   -o CMakeFiles/cmTC_927ec.dir/CheckFunctionExists.c.o   -c /usr/share/cmake-3.16/Modules/CheckFunctionExists.c
Linking C executable cmTC_927ec
/usr/bin/cmake -E cmake_link_script CMakeFiles/cmTC_927ec.dir/link.txt --verbose=1
/usr/bin/cc  -DCHECK_FUNCTION_EXISTS=pthread_create    CMakeFiles/cmTC_927ec.dir/CheckFunctionExists.c.o  -o cmTC_927ec  -lpthreads 
/usr/bin/ld: cannot find -lpthreads
collect2: error: ld returned 1 exit status
make[1]: *** [CMakeFiles/cmTC_927ec.dir/build.make:87: cmTC_927ec] Error 1
make[1]: Leaving directory '/home/dario/revSUPRA/build/CMakeFiles/CMakeTmp'
make: *** [Makefile:121: cmTC_927ec/fast] Error 2



Performing C SOURCE FILE Test CMAKE_HAVE_LIBC_PTHREAD failed with the following output:
Change Dir: /home/baum/revSUPRA/build/CMakeFiles/CMakeTmp

Run Build Command(s):/usr/bin/gmake cmTC_feb44/fast && /usr/bin/gmake -f CMakeFiles/cmTC_feb44.dir/build.make CMakeFiles/cmTC_feb44.dir/build
gmake[1]: Entering directory '/home/baum/revSUPRA/build/CMakeFiles/CMakeTmp'
Building C object CMakeFiles/cmTC_feb44.dir/src.c.o
/usr/bin/cc   -DCMAKE_HAVE_LIBC_PTHREAD   -o CMakeFiles/cmTC_feb44.dir/src.c.o   -c /home/baum/revSUPRA/build/CMakeFiles/CMakeTmp/src.c
Linking C executable cmTC_feb44
/usr/bin/cmake -E cmake_link_script CMakeFiles/cmTC_feb44.dir/link.txt --verbose=1
/usr/bin/cc  -DCMAKE_HAVE_LIBC_PTHREAD    CMakeFiles/cmTC_feb44.dir/src.c.o  -o cmTC_feb44 
/usr/lib64/gcc/x86_64-suse-linux/7/../../../../x86_64-suse-linux/bin/ld: CMakeFiles/cmTC_feb44.dir/src.c.o: in function `main':
src.c:(.text+0x2d): undefined reference to `pthread_create'
/usr/lib64/gcc/x86_64-suse-linux/7/../../../../x86_64-suse-linux/bin/ld: src.c:(.text+0x39): undefined reference to `pthread_detach'
/usr/lib64/gcc/x86_64-suse-linux/7/../../../../x86_64-suse-linux/bin/ld: src.c:(.text+0x45): undefined reference to `pthread_cancel'
/usr/lib64/gcc/x86_64-suse-linux/7/../../../../x86_64-suse-linux/bin/ld: src.c:(.text+0x56): undefined reference to `pthread_join'
collect2: error: ld returned 1 exit status
gmake[1]: *** [CMakeFiles/cmTC_feb44.dir/build.make:104: cmTC_feb44] Error 1
gmake[1]: Leaving directory '/home/baum/revSUPRA/build/CMakeFiles/CMakeTmp'
gmake: *** [Makefile:138: cmTC_feb44/fast] Error 2


Source file was:
#include <pthread.h>

void* test_func(void* data)
{
  return data;
}

int main(void)
{
  pthread_t thread;
  pthread_create(&thread, NULL, test_func, NULL);
  pthread_detach(thread);
  pthread_cancel(thread);
  pthread_join(thread, NULL);
  pthread_atfork(NULL, NULL, NULL);
  pthread_exit(NULL);

  return 0;
}

Determining if the function pthread_create exists in the pthreads failed with the following output:
Change Dir: /home/baum/revSUPRA/build/CMakeFiles/CMakeTmp

Run Build Command(s):/usr/bin/gmake cmTC_eb3fb/fast && /usr/bin/gmake -f CMakeFiles/cmTC_eb3fb.dir/build.make CMakeFiles/cmTC_eb3fb.dir/build
gmake[1]: Entering directory '/home/baum/revSUPRA/build/CMakeFiles/CMakeTmp'
Building C object CMakeFiles/cmTC_eb3fb.dir/CheckFunctionExists.c.o
/usr/bin/cc   -DCHECK_FUNCTION_EXISTS=pthread_create   -o CMakeFiles/cmTC_eb3fb.dir/CheckFunctionExists.c.o   -c /usr/share/cmake/Modules/CheckFunctionExists.c
Linking C executable cmTC_eb3fb
/usr/bin/cmake -E cmake_link_script CMakeFiles/cmTC_eb3fb.dir/link.txt --verbose=1
/usr/bin/cc  -DCHECK_FUNCTION_EXISTS=pthread_create    CMakeFiles/cmTC_eb3fb.dir/CheckFunctionExists.c.o  -o cmTC_eb3fb  -lpthreads 
/usr/lib64/gcc/x86_64-suse-linux/7/../../../../x86_64-suse-linux/bin/ld: cannot find -lpthreads: No such file or directory
collect2: error: ld returned 1 exit status
gmake[1]: *** [CMakeFiles/cmTC_eb3fb.dir/build.make:104: cmTC_eb3fb] Error 1
gmake[1]: Leaving directory '/home/baum/revSUPRA/build/CMakeFiles/CMakeTmp'
gmake: *** [Makefile:138: cmTC_eb3fb/fast] Error 2



